--- Copying files at Wed Aug 12 06:49:47 UTC 2020
--- Copying files at Wed Aug 12 07:05:34 UTC 2020
--- Copying files at Wed Aug 12 07:25:54 UTC 2020
--- Copying files at Wed Aug 12 07:31:22 UTC 2020
--- Copying files at Wed Aug 12 09:30:43 UTC 2020
--- Copying files at Wed Aug 12 09:30:47 UTC 2020
--- Copying files at Wed Aug 12 09:52:08 UTC 2020
--- Copying files at Wed Aug 12 09:56:50 UTC 2020
--- Copying files at Wed Aug 12 11:23:45 UTC 2020
--- Copying files at Wed Aug 12 11:26:56 UTC 2020
--- Copying files at Wed Aug 12 11:31:04 UTC 2020
--- Copying files at Wed Aug 12 11:41:03 UTC 2020
--- Copying files at Wed Aug 12 11:42:21 UTC 2020
--- Copying files at Wed Aug 12 12:11:54 UTC 2020
--- Copying files at Wed Aug 12 12:12:04 UTC 2020
--- Copying files at Sat Aug 15 06:27:41 UTC 2020
--- Copying files at Sat Aug 15 06:46:52 UTC 2020
--- Copying files at Sat Aug 15 13:35:59 UTC 2020
--- Copying files at Sat Aug 15 13:36:10 UTC 2020
--- Copying files at Sat Aug 15 14:58:05 UTC 2020
--- Copying files at Sun Aug 16 13:26:55 UTC 2020
--- Copying files at Sun Aug 16 16:25:32 UTC 2020
--- Copying files at Sun Aug 16 17:17:38 UTC 2020
--- Copying files at Fri Aug 21 10:01:55 UTC 2020
--- Copying files at Thu Aug 27 11:24:41 UTC 2020
--- Copying files at Thu Aug 27 12:24:53 UTC 2020
--- Copying files at Sat Aug 29 05:38:11 UTC 2020
