Started at Thu Aug 27 12:38:34 UTC 2020
Processing AnsibleTest
Offering AnsibleTest to Project Build Discarder
Processing env
Offering env to Project Build Discarder
Processing job-dsl
Offering job-dsl to Project Build Discarder
Processing job_dsl_example
Offering job_dsl_example to Project Build Discarder
Processing job_dsl_firstJob
Offering job_dsl_firstJob to Project Build Discarder
Processing Maven Through DSL
Offering Maven Through DSL to Project Build Discarder
Processing mavenJobs
Offering mavenJobs to Project Build Discarder
Processing RemoteHostTest
Offering RemoteHostTest to Project Build Discarder
Processing ShellJob
Offering ShellJob to Project Build Discarder
Processing UploadtoS3
Offering UploadtoS3 to Project Build Discarder
Processing mavenJobs/com.mycompany.app:my-app
Offering mavenJobs/com.mycompany.app:my-app to Project Build Discarder
Finished at Thu Aug 27 12:38:34 UTC 2020. 7ms
